<?xml version="1.0" encoding="utf-8"?><testsuites name="pytest tests"><testsuite name="pytest" errors="0" failures="0" skipped="0" tests="29" time="2.700" timestamp="2026-06-18T11:01:11.740079+00:00" hostname="agent-env-53cf0699-7efc-4f94-a7e0-9983d95f60b7"><testcase classname="tests.test_api_integration.TestHealth" name="test_health_root" time="0.136" /><testcase classname="tests.test_api_integration.TestAuditPost" name="test_audit_happy_path_full_shape" time="0.149" /><testcase classname="tests.test_api_integration.TestAuditPost" name="test_audit_missing_url" time="0.044" /><testcase classname="tests.test_api_integration.TestAuditPost" name="test_audit_empty_url" time="0.041" /><testcase classname="tests.test_api_integration.TestAuditPost" name="test_audit_missing_primary_phrase" time="0.040" /><testcase classname="tests.test_api_integration.TestAuditPost" name="test_audit_empty_primary_phrase" time="0.043" /><testcase classname="tests.test_api_integration.TestAuditPost" name="test_audit_bad_url_returns_400_fetcherror" time="0.042" /><testcase classname="tests.test_api_integration.TestAuditPost" name="test_recommendations_sorted_by_priority" time="0.148" /><testcase classname="tests.test_api_integration.TestUpsert" name="test_upsert_same_url_phrase" time="0.317" /><testcase classname="tests.test_api_integration.TestHistoryList" name="test_list_shape_and_sort" time="0.042" /><testcase classname="tests.test_api_integration.TestGetDelete" name="test_get_existing" time="0.157" /><testcase classname="tests.test_api_integration.TestGetDelete" name="test_get_unknown_404" time="0.084" /><testcase classname="tests.test_api_integration.TestGetDelete" name="test_delete_then_404" time="0.293" /><testcase classname="tests.test_export_endpoint.TestExportMarkdown" name="test_md_contract" time="0.279" /><testcase classname="tests.test_export_endpoint.TestExportMarkdown" name="test_markdown_alias" time="0.096" /><testcase classname="tests.test_export_endpoint.TestExportText" name="test_txt_contract" time="0.098" /><testcase classname="tests.test_export_endpoint.TestExportPDF" name="test_pdf_contract" time="0.111" /><testcase classname="tests.test_export_endpoint.TestExportInvalid" name="test_unknown_format_returns_422" time="0.096" /><testcase classname="tests.test_export_endpoint.TestExportInvalid" name="test_unknown_id_returns_404" time="0.104" /><testcase classname="tests.test_export_endpoint.TestHeadingFilterLive" name="test_example_com_h1" time="0.172" /><testcase classname="tests.test_heading_extraction" name="test_headings_only_from_main_content" time="0.002" /><testcase classname="tests.test_heading_extraction" name="test_headings_fall_back_to_body_when_no_main_tag" time="0.001" /><testcase classname="tests.test_heading_extraction" name="test_nested_header_inside_article_is_kept" time="0.001" /><testcase classname="tests.test_page_auditor_v1" name="test_well_optimised_page_scores_high" time="0.003" /><testcase classname="tests.test_page_auditor_v1" name="test_poor_page_scores_low_with_actionable_recs" time="0.001" /><testcase classname="tests.test_page_auditor_v1" name="test_area_scores_keys_complete" time="0.002" /><testcase classname="tests.test_page_auditor_v1" name="test_blank_phrase_returns_guidance_only" time="0.002" /><testcase classname="tests.test_page_auditor_v1" name="test_bad_url_rejected_by_fetcher" time="0.001" /><testcase classname="tests.test_page_auditor_v1" name="test_extractor_handles_empty_html" time="0.000" /></testsuite></testsuites>