<?xml version="1.0" encoding="utf-8"?><testsuites name="pytest tests"><testsuite name="pytest" errors="0" failures="0" skipped="0" tests="60" time="2.683" timestamp="2026-06-19T11:42:14.786179+00:00" hostname="agent-env-53cf0699-7efc-4f94-a7e0-9983d95f60b7"><testcase classname="tests.test_api_integration.TestHealth" name="test_health_root" time="0.155" /><testcase classname="tests.test_api_integration.TestAuditPost" name="test_audit_happy_path_full_shape" time="0.150" /><testcase classname="tests.test_api_integration.TestAuditPost" name="test_audit_missing_url" time="0.048" /><testcase classname="tests.test_api_integration.TestAuditPost" name="test_audit_empty_url" time="0.047" /><testcase classname="tests.test_api_integration.TestAuditPost" name="test_audit_missing_primary_phrase" time="0.045" /><testcase classname="tests.test_api_integration.TestAuditPost" name="test_audit_empty_primary_phrase" time="0.043" /><testcase classname="tests.test_api_integration.TestAuditPost" name="test_audit_bad_url_returns_400_fetcherror" time="0.041" /><testcase classname="tests.test_api_integration.TestAuditPost" name="test_recommendations_sorted_by_priority" time="0.143" /><testcase classname="tests.test_api_integration.TestUpsert" name="test_upsert_same_url_phrase" time="0.330" /><testcase classname="tests.test_api_integration.TestHistoryList" name="test_list_shape_and_sort" time="0.046" /><testcase classname="tests.test_api_integration.TestGetDelete" name="test_get_existing" time="0.159" /><testcase classname="tests.test_api_integration.TestGetDelete" name="test_get_unknown_404" time="0.043" /><testcase classname="tests.test_api_integration.TestGetDelete" name="test_delete_then_404" time="0.239" /><testcase classname="tests.test_export_endpoint.TestExportMarkdown" name="test_md_contract" time="0.274" /><testcase classname="tests.test_export_endpoint.TestExportMarkdown" name="test_markdown_alias" time="0.103" /><testcase classname="tests.test_export_endpoint.TestExportText" name="test_txt_contract" time="0.094" /><testcase classname="tests.test_export_endpoint.TestExportPDF" name="test_pdf_contract" time="0.102" /><testcase classname="tests.test_export_endpoint.TestExportInvalid" name="test_unknown_format_returns_422" time="0.090" /><testcase classname="tests.test_export_endpoint.TestExportInvalid" name="test_unknown_id_returns_404" time="0.112" /><testcase classname="tests.test_export_endpoint.TestHeadingFilterLive" name="test_example_com_h1" time="0.161" /><testcase classname="tests.test_heading_extraction" name="test_headings_only_from_main_content" time="0.003" /><testcase classname="tests.test_heading_extraction" name="test_headings_fall_back_to_body_when_no_main_tag" time="0.001" /><testcase classname="tests.test_heading_extraction" name="test_nested_header_inside_article_is_kept" time="0.001" /><testcase classname="tests.test_heading_extraction" name="test_wordpress_elementor_widgets_are_not_stripped" time="0.001" /><testcase classname="tests.test_page_assessment" name="test_landing_strong_fit_keep_and_optimise" time="0.001" /><testcase classname="tests.test_page_assessment" name="test_landing_weak_fit_build_new" time="0.001" /><testcase classname="tests.test_page_assessment" name="test_category_strong_fit_keep_and_optimise" time="0.001" /><testcase classname="tests.test_page_assessment" name="test_hub_strong_fit_keep_hub_with_subtopics" time="0.003" /><testcase classname="tests.test_page_assessment" name="test_hub_moderate_fit_keep_hub_plain" time="0.003" /><testcase classname="tests.test_page_assessment" name="test_recommend_matrix_covers_every_combination" time="0.000" /><testcase classname="tests.test_page_assessment" name="test_landing_at_score_90_emits_well_aligned" time="0.000" /><testcase classname="tests.test_page_assessment" name="test_landing_strong_below_90_emits_keep_and_optimise" time="0.000" /><testcase classname="tests.test_page_assessment" name="test_classify_short_focused_page_is_landing" time="0.001" /><testcase classname="tests.test_page_assessment" name="test_classify_shop_url_with_product_schema_is_category" time="0.001" /><testcase classname="tests.test_page_assessment" name="test_phrase_fit_empty_phrase_returns_weak" time="0.000" /><testcase classname="tests.test_page_assessment" name="test_phrase_fit_topical_match_lifts_to_strong" time="0.001" /><testcase classname="tests.test_page_auditor_v1" name="test_well_optimised_page_scores_high" time="0.003" /><testcase classname="tests.test_page_auditor_v1" name="test_poor_page_scores_low_with_actionable_recs" time="0.001" /><testcase classname="tests.test_page_auditor_v1" name="test_area_scores_keys_complete" time="0.003" /><testcase classname="tests.test_page_auditor_v1" name="test_blank_phrase_returns_guidance_only" time="0.002" /><testcase classname="tests.test_page_auditor_v1" name="test_bad_url_rejected_by_fetcher" time="0.001" /><testcase classname="tests.test_page_auditor_v1" name="test_extractor_handles_empty_html" time="0.000" /><testcase classname="tests.test_topic_matching" name="test_stem_strips_common_suffixes" time="0.000" /><testcase classname="tests.test_topic_matching" name="test_topic_tokens_normalises_demonyms" time="0.000" /><testcase classname="tests.test_topic_matching" name="test_topic_score_user_example" time="0.000" /><testcase classname="tests.test_topic_matching" name="test_topic_score_is_zero_for_unrelated" time="0.000" /><testcase classname="tests.test_topic_matching" name="test_topic_match_threshold_is_80" time="0.000" /><testcase classname="tests.test_topic_matching" name="test_h1_topic_match_promotes_to_pass" time="0.004" /><testcase classname="tests.test_topic_matching" name="test_h2_topic_match_counts_for_primary_phrase" time="0.005" /><testcase classname="tests.test_topic_matching" name="test_url_topic_match_promotes_partial_to_pass" time="0.004" /><testcase classname="tests.test_topic_matching" name="test_content_topic_mentions_count_toward_density" time="0.002" /><testcase classname="tests.test_topic_matching" name="test_image_alt_topic_match_counts" time="0.004" /><testcase classname="tests.test_topic_matching" name="test_existing_well_optimised_unchanged" time="0.003" /><testcase classname="tests.test_v12_contract" name="test_contract_stem_values" time="0.000" /><testcase classname="tests.test_v12_contract" name="test_contract_topic_score_user_example_is_100" time="0.000" /><testcase classname="tests.test_v12_contract" name="test_contract_topic_match_unrelated_is_false" time="0.000" /><testcase classname="tests.test_v12_contract" name="test_contract_h1_topic_strength_and_h1_score_ge_80" time="0.003" /><testcase classname="tests.test_v12_contract" name="test_contract_url_topic_strength_and_url_score_ge_70" time="0.003" /><testcase classname="tests.test_v12_contract" name="test_contract_image_alt_topical_match_uses_images_alt_phrase" time="0.003" /><testcase classname="tests.test_v12_contract" name="test_contract_body_topical_does_not_trigger_content_phrase_missing" time="0.002" /></testsuite></testsuites>